мая 31, 2023 3:55:49 AM com.daniel.server.ServerMain <init>
INFO: Server have been started
мая 31, 2023 3:56:40 AM com.daniel.server.ServerMain registrateUser
INFO: New user whith name dan and ID 0 had connected to server
мая 31, 2023 3:56:42 AM com.daniel.server.ServerMain addMessageToChatHistory
INFO: User dan sent message
мая 31, 2023 3:56:44 AM com.daniel.server.ServerMain addMessageToChatHistory
INFO: User dan sent message
мая 31, 2023 3:56:45 AM com.daniel.server.ServerMain sendParticipantsTable
INFO: Send participants list to dan
мая 31, 2023 3:58:53 AM com.daniel.server.ServerMain addMessageToChatHistory
INFO: User dan sent message
мая 31, 2023 3:59:46 AM com.daniel.server.ServerMain sendParticipantsTable
INFO: Send participants list to dan
мая 31, 2023 3:59:51 AM com.daniel.server.ServerMain addMessageToChatHistory
INFO: User dan sent message
мая 31, 2023 3:59:52 AM com.daniel.server.ServerMain addMessageToChatHistory
INFO: User dan sent message
мая 31, 2023 3:59:53 AM com.daniel.server.ServerMain addMessageToChatHistory
INFO: User dan sent message
мая 31, 2023 4:00:28 AM com.daniel.server.ServerMain addMessageToChatHistory
INFO: User dan sent message
мая 31, 2023 4:00:51 AM com.daniel.server.ServerMain addMessageToChatHistory
INFO: User dan sent message
мая 31, 2023 4:00:52 AM com.daniel.server.ServerMain addMessageToChatHistory
INFO: User dan sent message
мая 31, 2023 4:00:54 AM com.daniel.server.ServerMain addMessageToChatHistory
INFO: User dan sent message
мая 31, 2023 4:01:16 AM com.daniel.server.ServerMain addMessageToChatHistory
INFO: User dan sent message
мая 31, 2023 4:01:20 AM com.daniel.server.ServerMain sendParticipantsTable
INFO: Send participants list to dan
мая 31, 2023 4:01:22 AM com.daniel.server.ServerMain deleteUser
INFO: New user whith name dan and ID 0 had disconnected from server
